<?xml version="1.0" encoding="UTF-8"?>
<testsuite name="mavlc.testing.ErrorCompareTest" tests="10" skipped="0" failures="0" errors="0" timestamp="2021-12-12T10:47:15" hostname="LAPTOP-PHCP0FO8" time="0.108">
  <properties/>
  <testcase name="test[p2_public/task_1/compound_err_1]" classname="mavlc.testing.ErrorCompareTest" time="0.01"/>
  <testcase name="test[p2_public/task_2/assign_err_2]" classname="mavlc.testing.ErrorCompareTest" time="0.012"/>
  <testcase name="test[p2_public/task_2/assign_err_3]" classname="mavlc.testing.ErrorCompareTest" time="0.01"/>
  <testcase name="test[p2_public/task_2/assign_err_6]" classname="mavlc.testing.ErrorCompareTest" time="0.009"/>
  <testcase name="test[p2_public/task_3/const_expr_err_1]" classname="mavlc.testing.ErrorCompareTest" time="0.01"/>
  <testcase name="test[p2_public/task_4/submatrix_err_4]" classname="mavlc.testing.ErrorCompareTest" time="0.015"/>
  <testcase name="test[p2_public/task_5/call_err_2]" classname="mavlc.testing.ErrorCompareTest" time="0.008"/>
  <testcase name="test[p2_public/task_5/return_err_2]" classname="mavlc.testing.ErrorCompareTest" time="0.01"/>
  <testcase name="test[p2_public/task_6/foreach_err_6]" classname="mavlc.testing.ErrorCompareTest" time="0.009"/>
  <testcase name="test[p2_public/task_6/foreach_err_8]" classname="mavlc.testing.ErrorCompareTest" time="0.01"/>
  <system-out><![CDATA[=== Running test case p2_public/task_1/compound_err_1 ===


=== Test case p2_public/task_1/compound_err_1 finished successfully ===

=== Running test case p2_public/task_2/assign_err_2 ===


=== Test case p2_public/task_2/assign_err_2 finished successfully ===

=== Running test case p2_public/task_2/assign_err_3 ===


=== Test case p2_public/task_2/assign_err_3 finished successfully ===

=== Running test case p2_public/task_2/assign_err_6 ===


=== Test case p2_public/task_2/assign_err_6 finished successfully ===

=== Running test case p2_public/task_3/const_expr_err_1 ===


=== Test case p2_public/task_3/const_expr_err_1 finished successfully ===

=== Running test case p2_public/task_4/submatrix_err_4 ===


=== Test case p2_public/task_4/submatrix_err_4 finished successfully ===

=== Running test case p2_public/task_5/call_err_2 ===


=== Test case p2_public/task_5/call_err_2 finished successfully ===

=== Running test case p2_public/task_5/return_err_2 ===


=== Test case p2_public/task_5/return_err_2 finished successfully ===

=== Running test case p2_public/task_6/foreach_err_6 ===


=== Test case p2_public/task_6/foreach_err_6 finished successfully ===

=== Running test case p2_public/task_6/foreach_err_8 ===


=== Test case p2_public/task_6/foreach_err_8 finished successfully ===

]]></system-out>
  <system-err><![CDATA[]]></system-err>
</testsuite>
